# Logfile created on 2014-02-12 16:15:11 +1100 by logger.rb/31641
I, [2014-02-12T16:15:11.025109 #778]  INFO -- : 0:  rake (10.1.1) from /Users/Ish/.rvm/gems/ruby-1.9.3-p484@global/specifications/rake-10.1.1.gemspec
I, [2014-02-12T16:15:11.026389 #778]  INFO -- : 0:  i18n (0.6.9) from /Users/Ish/.rvm/gems/ruby-1.9.3-p484@csv_importer/specifications/i18n-0.6.9.gemspec
I, [2014-02-12T16:15:11.026714 #778]  INFO -- : 0:  multi_json (1.8.4) from /Users/Ish/.rvm/gems/ruby-1.9.3-p484@csv_importer/specifications/multi_json-1.8.4.gemspec
I, [2014-02-12T16:15:11.027024 #778]  INFO -- : 0:  activesupport (3.2.16) from /Users/Ish/.rvm/gems/ruby-1.9.3-p484@csv_importer/specifications/activesupport-3.2.16.gemspec
I, [2014-02-12T16:15:11.027344 #778]  INFO -- : 0:  builder (3.0.4) from /Users/Ish/.rvm/gems/ruby-1.9.3-p484@csv_importer/specifications/builder-3.0.4.gemspec
I, [2014-02-12T16:15:11.027647 #778]  INFO -- : 0:  activemodel (3.2.16) from /Users/Ish/.rvm/gems/ruby-1.9.3-p484@csv_importer/specifications/activemodel-3.2.16.gemspec
I, [2014-02-12T16:15:11.027949 #778]  INFO -- : 0:  erubis (2.7.0) from /Users/Ish/.rvm/gems/ruby-1.9.3-p484@csv_importer/specifications/erubis-2.7.0.gemspec
I, [2014-02-12T16:15:11.028248 #778]  INFO -- : 0:  journey (1.0.4) from /Users/Ish/.rvm/gems/ruby-1.9.3-p484@csv_importer/specifications/journey-1.0.4.gemspec
I, [2014-02-12T16:15:11.028544 #778]  INFO -- : 0:  rack (1.4.5) from /Users/Ish/.rvm/gems/ruby-1.9.3-p484@csv_importer/specifications/rack-1.4.5.gemspec
I, [2014-02-12T16:15:11.028840 #778]  INFO -- : 0:  rack-cache (1.2) from /Users/Ish/.rvm/gems/ruby-1.9.3-p484@csv_importer/specifications/rack-cache-1.2.gemspec
I, [2014-02-12T16:15:11.029133 #778]  INFO -- : 0:  rack-test (0.6.2) from /Users/Ish/.rvm/gems/ruby-1.9.3-p484@csv_importer/specifications/rack-test-0.6.2.gemspec
I, [2014-02-12T16:15:11.029424 #778]  INFO -- : 0:  hike (1.2.3) from /Users/Ish/.rvm/gems/ruby-1.9.3-p484@csv_importer/specifications/hike-1.2.3.gemspec
I, [2014-02-12T16:15:11.029713 #778]  INFO -- : 0:  tilt (1.4.1) from /Users/Ish/.rvm/gems/ruby-1.9.3-p484@csv_importer/specifications/tilt-1.4.1.gemspec
I, [2014-02-12T16:15:11.030002 #778]  INFO -- : 0:  sprockets (2.2.2) from /Users/Ish/.rvm/gems/ruby-1.9.3-p484@csv_importer/specifications/sprockets-2.2.2.gemspec
I, [2014-02-12T16:15:11.030294 #778]  INFO -- : 0:  actionpack (3.2.16) from /Users/Ish/.rvm/gems/ruby-1.9.3-p484@csv_importer/specifications/actionpack-3.2.16.gemspec
I, [2014-02-12T16:15:11.030585 #778]  INFO -- : 0:  mime-types (1.25.1) from /Users/Ish/.rvm/gems/ruby-1.9.3-p484@csv_importer/specifications/mime-types-1.25.1.gemspec
I, [2014-02-12T16:15:11.030877 #778]  INFO -- : 0:  polyglot (0.3.3) from /Users/Ish/.rvm/gems/ruby-1.9.3-p484@csv_importer/specifications/polyglot-0.3.3.gemspec
I, [2014-02-12T16:15:11.031171 #778]  INFO -- : 0:  treetop (1.4.15) from /Users/Ish/.rvm/gems/ruby-1.9.3-p484@csv_importer/specifications/treetop-1.4.15.gemspec
I, [2014-02-12T16:15:11.031463 #778]  INFO -- : 0:  mail (2.5.4) from /Users/Ish/.rvm/gems/ruby-1.9.3-p484@csv_importer/specifications/mail-2.5.4.gemspec
I, [2014-02-12T16:15:11.031758 #778]  INFO -- : 0:  actionmailer (3.2.16) from /Users/Ish/.rvm/gems/ruby-1.9.3-p484@csv_importer/specifications/actionmailer-3.2.16.gemspec
I, [2014-02-12T16:15:11.032050 #778]  INFO -- : 0:  arel (3.0.3) from /Users/Ish/.rvm/gems/ruby-1.9.3-p484@csv_importer/specifications/arel-3.0.3.gemspec
I, [2014-02-12T16:15:11.032344 #778]  INFO -- : 0:  tzinfo (0.3.38) from /Users/Ish/.rvm/gems/ruby-1.9.3-p484@csv_importer/specifications/tzinfo-0.3.38.gemspec
I, [2014-02-12T16:15:11.032637 #778]  INFO -- : 0:  activerecord (3.2.16) from /Users/Ish/.rvm/gems/ruby-1.9.3-p484@csv_importer/specifications/activerecord-3.2.16.gemspec
I, [2014-02-12T16:15:11.032930 #778]  INFO -- : 0:  activeresource (3.2.16) from /Users/Ish/.rvm/gems/ruby-1.9.3-p484@csv_importer/specifications/activeresource-3.2.16.gemspec
I, [2014-02-12T16:15:11.033216 #778]  INFO -- : 0:  bundler (1.5.1) from /Users/Ish/.rvm/gems/ruby-1.9.3-p484@global/specifications/bundler-1.5.1.gemspec
I, [2014-02-12T16:15:11.033519 #778]  INFO -- : 0:  rack-ssl (1.3.3) from /Users/Ish/.rvm/gems/ruby-1.9.3-p484@csv_importer/specifications/rack-ssl-1.3.3.gemspec
I, [2014-02-12T16:15:11.033830 #778]  INFO -- : 0:  json (1.8.1) from /Users/Ish/.rvm/gems/ruby-1.9.3-p484@csv_importer/specifications/json-1.8.1.gemspec
I, [2014-02-12T16:15:11.034128 #778]  INFO -- : 0:  rdoc (3.12.2) from /Users/Ish/.rvm/gems/ruby-1.9.3-p484@csv_importer/specifications/rdoc-3.12.2.gemspec
I, [2014-02-12T16:15:11.034419 #778]  INFO -- : 0:  thor (0.18.1) from /Users/Ish/.rvm/gems/ruby-1.9.3-p484@csv_importer/specifications/thor-0.18.1.gemspec
I, [2014-02-12T16:15:11.034709 #778]  INFO -- : 0:  railties (3.2.16) from /Users/Ish/.rvm/gems/ruby-1.9.3-p484@csv_importer/specifications/railties-3.2.16.gemspec
I, [2014-02-12T16:15:11.035040 #778]  INFO -- : 0:  rails (3.2.16) from /Users/Ish/.rvm/gems/ruby-1.9.3-p484@csv_importer/specifications/rails-3.2.16.gemspec
I, [2014-02-12T16:15:11.035351 #778]  INFO -- : 0:  acts-as-taggable-on (3.0.1) from /Users/Ish/.rvm/gems/ruby-1.9.3-p484@csv_importer/specifications/acts-as-taggable-on-3.0.1.gemspec
I, [2014-02-12T16:15:11.035650 #778]  INFO -- : 0:  coffee-script-source (1.7.0) from /Users/Ish/.rvm/gems/ruby-1.9.3-p484@csv_importer/specifications/coffee-script-source-1.7.0.gemspec
I, [2014-02-12T16:15:11.035949 #778]  INFO -- : 0:  execjs (2.0.2) from /Users/Ish/.rvm/gems/ruby-1.9.3-p484@csv_importer/specifications/execjs-2.0.2.gemspec
I, [2014-02-12T16:15:11.036248 #778]  INFO -- : 0:  coffee-script (2.2.0) from /Users/Ish/.rvm/gems/ruby-1.9.3-p484@csv_importer/specifications/coffee-script-2.2.0.gemspec
I, [2014-02-12T16:15:11.037121 #778]  INFO -- : 0:  coffee-rails (3.2.2) from /Users/Ish/.rvm/gems/ruby-1.9.3-p484@csv_importer/specifications/coffee-rails-3.2.2.gemspec
I, [2014-02-12T16:15:11.037447 #778]  INFO -- : 0:  haml (4.0.5) from /Users/Ish/.rvm/gems/ruby-1.9.3-p484@csv_importer/specifications/haml-4.0.5.gemspec
I, [2014-02-12T16:15:11.037757 #778]  INFO -- : 0:  haml-rails (0.4) from /Users/Ish/.rvm/gems/ruby-1.9.3-p484@csv_importer/specifications/haml-rails-0.4.gemspec
I, [2014-02-12T16:15:11.038062 #778]  INFO -- : 0:  jquery-rails (3.1.0) from /Users/Ish/.rvm/gems/ruby-1.9.3-p484@csv_importer/specifications/jquery-rails-3.1.0.gemspec
I, [2014-02-12T16:15:11.038365 #778]  INFO -- : 0:  mysql2 (0.3.15) from /Users/Ish/.rvm/gems/ruby-1.9.3-p484@csv_importer/specifications/mysql2-0.3.15.gemspec
I, [2014-02-12T16:15:11.038665 #778]  INFO -- : 0:  sass (3.2.14) from /Users/Ish/.rvm/gems/ruby-1.9.3-p484@csv_importer/specifications/sass-3.2.14.gemspec
I, [2014-02-12T16:15:11.038963 #778]  INFO -- : 0:  sass-rails (3.2.6) from /Users/Ish/.rvm/gems/ruby-1.9.3-p484@csv_importer/specifications/sass-rails-3.2.6.gemspec
I, [2014-02-12T16:15:11.039262 #778]  INFO -- : 0:  uglifier (2.4.0) from /Users/Ish/.rvm/gems/ruby-1.9.3-p484@csv_importer/specifications/uglifier-2.4.0.gemspec
